<?xml version="1.0" encoding="UTF-8" ?>
<testsuite errors="8" failures="0" hostname="LONGNGO" name="com.mirth.connect.donkey.server.data.jdbc.JdbcDaoTest" skipped="0" tests="8" time="0.231" timestamp="2023-11-16T09:57:19">
  <properties>
[...]
</properties>
  <testcase classname="com.mirth.connect.donkey.server.data.jdbc.JdbcDaoTest" name="testGetTwoMetaDataColumns" time="0.043">
    <error message="&#xa;Mockito cannot mock this class: class com.mirth.connect.donkey.server.Donkey.&#xa;&#xa;Mockito can only mock non-private &amp; non-final classes.&#xa;If you&apos;re not sure why you&apos;re getting this error, please report to the mailing list.&#xa;&#xa;&#xa;Java               : 11&#xa;JVM vendor name    : Eclipse Adoptium&#xa;JVM vendor version : 11.0.21+9&#xa;JVM name           : OpenJDK 64-Bit Server VM&#xa;JVM version        : 11.0.21+9&#xa;JVM info           : mixed mode&#xa;OS name            : Windows 11&#xa;OS version         : 10.0&#xa;&#xa;&#xa;Underlying exception : java.lang.UnsupportedOperationException: Cannot define class using reflection: Could not find sun.misc.Unsafe" type="org.mockito.exceptions.base.MockitoException">org.mockito.exceptions.base.MockitoException: 
Mockito cannot mock this class: class com.mirth.connect.donkey.server.Donkey.

Mockito can only mock non-private &amp; non-final classes.
If you&apos;re not sure why you&apos;re getting this error, please report to the mailing list.


Java               : 11
JVM vendor name    : Eclipse Adoptium
JVM vendor version : 11.0.21+9
JVM name           : OpenJDK 64-Bit Server VM
JVM version        : 11.0.21+9
JVM info           : mixed mode
OS name            : Windows 11
OS version         : 10.0


Underlying exception : java.lang.UnsupportedOperationException: Cannot define class using reflection: Could not find sun.misc.Unsafe
	at com.mirth.connect.donkey.server.data.jdbc.JdbcDaoTest.before(JdbcDaoTest.java:53)
	at java.base/jdk.internal.reflect.NativeMethodAccessorImpl.invoke0(Native Method)
	at java.base/jdk.internal.reflect.NativeMethodAccessorImpl.invoke(NativeMethodAccessorImpl.java:62)
	at java.base/jdk.internal.reflect.DelegatingMethodAccessorImpl.invoke(DelegatingMethodAccessorImpl.java:43)
Caused by: java.lang.UnsupportedOperationException: Cannot define class using reflection: Could not find sun.misc.Unsafe
	at net.bytebuddy.dynamic.loading.ClassInjector$UsingReflection$Dispatcher$Initializable$Unavailable.defineClass(ClassInjector.java:333)
	at net.bytebuddy.dynamic.loading.ClassInjector$UsingReflection.inject(ClassInjector.java:186)
	at net.bytebuddy.dynamic.loading.ClassLoadingStrategy$Default$InjectionDispatcher.load(ClassLoadingStrategy.java:205)
	at net.bytebuddy.dynamic.TypeResolutionStrategy$Passive.initialize(TypeResolutionStrategy.java:79)
	at net.bytebuddy.dynamic.DynamicType$Default$Unloaded.load(DynamicType.java:4247)
	at org.mockito.internal.creation.bytebuddy.SubclassBytecodeGenerator.mockClass(SubclassBytecodeGenerator.java:94)
	at org.mockito.internal.creation.bytebuddy.TypeCachingBytecodeGenerator$1.call(TypeCachingBytecodeGenerator.java:37)
	at org.mockito.internal.creation.bytebuddy.TypeCachingBytecodeGenerator$1.call(TypeCachingBytecodeGenerator.java:34)
	at net.bytebuddy.TypeCache.findOrInsert(TypeCache.java:137)
	at net.bytebuddy.TypeCache$WithInlineExpunction.findOrInsert(TypeCache.java:344)
	at net.bytebuddy.TypeCache.findOrInsert(TypeCache.java:159)
	at net.bytebuddy.TypeCache$WithInlineExpunction.findOrInsert(TypeCache.java:353)
	at org.mockito.internal.creation.bytebuddy.TypeCachingBytecodeGenerator.mockClass(TypeCachingBytecodeGenerator.java:32)
	at org.mockito.internal.creation.bytebuddy.SubclassByteBuddyMockMaker.createMockType(SubclassByteBuddyMockMaker.java:71)
	at org.mockito.internal.creation.bytebuddy.SubclassByteBuddyMockMaker.createMock(SubclassByteBuddyMockMaker.java:42)
	at org.mockito.internal.creation.bytebuddy.ByteBuddyMockMaker.createMock(ByteBuddyMockMaker.java:26)
	at org.mockito.internal.util.MockUtil.createMock(MockUtil.java:35)
	at org.mockito.internal.MockitoCore.mock(MockitoCore.java:65)
	at org.mockito.Mockito.mock(Mockito.java:1694)
	at org.mockito.Mockito.mock(Mockito.java:1607)
</error>
  </testcase>
  <testcase classname="com.mirth.connect.donkey.server.data.jdbc.JdbcDaoTest" name="testUpdateMessageAttachment1" time="0.047">
    <error message="&#xa;Mockito cannot mock this class: class com.mirth.connect.donkey.server.Donkey.&#xa;&#xa;Mockito can only mock non-private &amp; non-final classes.&#xa;If you&apos;re not sure why you&apos;re getting this error, please report to the mailing list.&#xa;&#xa;&#xa;Java               : 11&#xa;JVM vendor name    : Eclipse Adoptium&#xa;JVM vendor version : 11.0.21+9&#xa;JVM name           : OpenJDK 64-Bit Server VM&#xa;JVM version        : 11.0.21+9&#xa;JVM info           : mixed mode&#xa;OS name            : Windows 11&#xa;OS version         : 10.0&#xa;&#xa;&#xa;Underlying exception : java.lang.UnsupportedOperationException: Cannot define class using reflection: Could not find sun.misc.Unsafe" type="org.mockito.exceptions.base.MockitoException">org.mockito.exceptions.base.MockitoException: 
Mockito cannot mock this class: class com.mirth.connect.donkey.server.Donkey.

Mockito can only mock non-private &amp; non-final classes.
If you&apos;re not sure why you&apos;re getting this error, please report to the mailing list.


Java               : 11
JVM vendor name    : Eclipse Adoptium
JVM vendor version : 11.0.21+9
JVM name           : OpenJDK 64-Bit Server VM
JVM version        : 11.0.21+9
JVM info           : mixed mode
OS name            : Windows 11
OS version         : 10.0


Underlying exception : java.lang.UnsupportedOperationException: Cannot define class using reflection: Could not find sun.misc.Unsafe
	at com.mirth.connect.donkey.server.data.jdbc.JdbcDaoTest.before(JdbcDaoTest.java:53)
	at java.base/jdk.internal.reflect.NativeMethodAccessorImpl.invoke0(Native Method)
	at java.base/jdk.internal.reflect.NativeMethodAccessorImpl.invoke(NativeMethodAccessorImpl.java:62)
	at java.base/jdk.internal.reflect.DelegatingMethodAccessorImpl.invoke(DelegatingMethodAccessorImpl.java:43)
Caused by: java.lang.UnsupportedOperationException: Cannot define class using reflection: Could not find sun.misc.Unsafe
	at net.bytebuddy.dynamic.loading.ClassInjector$UsingReflection$Dispatcher$Initializable$Unavailable.defineClass(ClassInjector.java:333)
	at net.bytebuddy.dynamic.loading.ClassInjector$UsingReflection.inject(ClassInjector.java:186)
	at net.bytebuddy.dynamic.loading.ClassLoadingStrategy$Default$InjectionDispatcher.load(ClassLoadingStrategy.java:205)
	at net.bytebuddy.dynamic.TypeResolutionStrategy$Passive.initialize(TypeResolutionStrategy.java:79)
	at net.bytebuddy.dynamic.DynamicType$Default$Unloaded.load(DynamicType.java:4247)
	at org.mockito.internal.creation.bytebuddy.SubclassBytecodeGenerator.mockClass(SubclassBytecodeGenerator.java:94)
	at org.mockito.internal.creation.bytebuddy.TypeCachingBytecodeGenerator$1.call(TypeCachingBytecodeGenerator.java:37)
	at org.mockito.internal.creation.bytebuddy.TypeCachingBytecodeGenerator$1.call(TypeCachingBytecodeGenerator.java:34)
	at net.bytebuddy.TypeCache.findOrInsert(TypeCache.java:137)
	at net.bytebuddy.TypeCache$WithInlineExpunction.findOrInsert(TypeCache.java:344)
	at net.bytebuddy.TypeCache.findOrInsert(TypeCache.java:159)
	at net.bytebuddy.TypeCache$WithInlineExpunction.findOrInsert(TypeCache.java:353)
	at org.mockito.internal.creation.bytebuddy.TypeCachingBytecodeGenerator.mockClass(TypeCachingBytecodeGenerator.java:32)
	at org.mockito.internal.creation.bytebuddy.SubclassByteBuddyMockMaker.createMockType(SubclassByteBuddyMockMaker.java:71)
	at org.mockito.internal.creation.bytebuddy.SubclassByteBuddyMockMaker.createMock(SubclassByteBuddyMockMaker.java:42)
	at org.mockito.internal.creation.bytebuddy.ByteBuddyMockMaker.createMock(ByteBuddyMockMaker.java:26)
	at org.mockito.internal.util.MockUtil.createMock(MockUtil.java:35)
	at org.mockito.internal.MockitoCore.mock(MockitoCore.java:65)
	at org.mockito.Mockito.mock(Mockito.java:1694)
	at org.mockito.Mockito.mock(Mockito.java:1607)
</error>
  </testcase>
  <testcase classname="com.mirth.connect.donkey.server.data.jdbc.JdbcDaoTest" name="testGetNoMetaDataColumns" time="0.031">
    <error message="&#xa;Mockito cannot mock this class: class com.mirth.connect.donkey.server.Donkey.&#xa;&#xa;Mockito can only mock non-private &amp; non-final classes.&#xa;If you&apos;re not sure why you&apos;re getting this error, please report to the mailing list.&#xa;&#xa;&#xa;Java               : 11&#xa;JVM vendor name    : Eclipse Adoptium&#xa;JVM vendor version : 11.0.21+9&#xa;JVM name           : OpenJDK 64-Bit Server VM&#xa;JVM version        : 11.0.21+9&#xa;JVM info           : mixed mode&#xa;OS name            : Windows 11&#xa;OS version         : 10.0&#xa;&#xa;&#xa;Underlying exception : java.lang.UnsupportedOperationException: Cannot define class using reflection: Could not find sun.misc.Unsafe" type="org.mockito.exceptions.base.MockitoException">org.mockito.exceptions.base.MockitoException: 
Mockito cannot mock this class: class com.mirth.connect.donkey.server.Donkey.

Mockito can only mock non-private &amp; non-final classes.
If you&apos;re not sure why you&apos;re getting this error, please report to the mailing list.


Java               : 11
JVM vendor name    : Eclipse Adoptium
JVM vendor version : 11.0.21+9
JVM name           : OpenJDK 64-Bit Server VM
JVM version        : 11.0.21+9
JVM info           : mixed mode
OS name            : Windows 11
OS version         : 10.0


Underlying exception : java.lang.UnsupportedOperationException: Cannot define class using reflection: Could not find sun.misc.Unsafe
	at com.mirth.connect.donkey.server.data.jdbc.JdbcDaoTest.before(JdbcDaoTest.java:53)
	at java.base/jdk.internal.reflect.NativeMethodAccessorImpl.invoke0(Native Method)
	at java.base/jdk.internal.reflect.NativeMethodAccessorImpl.invoke(NativeMethodAccessorImpl.java:62)
	at java.base/jdk.internal.reflect.DelegatingMethodAccessorImpl.invoke(DelegatingMethodAccessorImpl.java:43)
Caused by: java.lang.UnsupportedOperationException: Cannot define class using reflection: Could not find sun.misc.Unsafe
	at net.bytebuddy.dynamic.loading.ClassInjector$UsingReflection$Dispatcher$Initializable$Unavailable.defineClass(ClassInjector.java:333)
	at net.bytebuddy.dynamic.loading.ClassInjector$UsingReflection.inject(ClassInjector.java:186)
	at net.bytebuddy.dynamic.loading.ClassLoadingStrategy$Default$InjectionDispatcher.load(ClassLoadingStrategy.java:205)
	at net.bytebuddy.dynamic.TypeResolutionStrategy$Passive.initialize(TypeResolutionStrategy.java:79)
	at net.bytebuddy.dynamic.DynamicType$Default$Unloaded.load(DynamicType.java:4247)
	at org.mockito.internal.creation.bytebuddy.SubclassBytecodeGenerator.mockClass(SubclassBytecodeGenerator.java:94)
	at org.mockito.internal.creation.bytebuddy.TypeCachingBytecodeGenerator$1.call(TypeCachingBytecodeGenerator.java:37)
	at org.mockito.internal.creation.bytebuddy.TypeCachingBytecodeGenerator$1.call(TypeCachingBytecodeGenerator.java:34)
	at net.bytebuddy.TypeCache.findOrInsert(TypeCache.java:137)
	at net.bytebuddy.TypeCache$WithInlineExpunction.findOrInsert(TypeCache.java:344)
	at net.bytebuddy.TypeCache.findOrInsert(TypeCache.java:159)
	at net.bytebuddy.TypeCache$WithInlineExpunction.findOrInsert(TypeCache.java:353)
	at org.mockito.internal.creation.bytebuddy.TypeCachingBytecodeGenerator.mockClass(TypeCachingBytecodeGenerator.java:32)
	at org.mockito.internal.creation.bytebuddy.SubclassByteBuddyMockMaker.createMockType(SubclassByteBuddyMockMaker.java:71)
	at org.mockito.internal.creation.bytebuddy.SubclassByteBuddyMockMaker.createMock(SubclassByteBuddyMockMaker.java:42)
	at org.mockito.internal.creation.bytebuddy.ByteBuddyMockMaker.createMock(ByteBuddyMockMaker.java:26)
	at org.mockito.internal.util.MockUtil.createMock(MockUtil.java:35)
	at org.mockito.internal.MockitoCore.mock(MockitoCore.java:65)
	at org.mockito.Mockito.mock(Mockito.java:1694)
	at org.mockito.Mockito.mock(Mockito.java:1607)
</error>
  </testcase>
  <testcase classname="com.mirth.connect.donkey.server.data.jdbc.JdbcDaoTest" name="testUpdateMessageAttachment3" time="0.033">
    <error message="&#xa;Mockito cannot mock this class: class com.mirth.connect.donkey.server.Donkey.&#xa;&#xa;Mockito can only mock non-private &amp; non-final classes.&#xa;If you&apos;re not sure why you&apos;re getting this error, please report to the mailing list.&#xa;&#xa;&#xa;Java               : 11&#xa;JVM vendor name    : Eclipse Adoptium&#xa;JVM vendor version : 11.0.21+9&#xa;JVM name           : OpenJDK 64-Bit Server VM&#xa;JVM version        : 11.0.21+9&#xa;JVM info           : mixed mode&#xa;OS name            : Windows 11&#xa;OS version         : 10.0&#xa;&#xa;&#xa;Underlying exception : java.lang.UnsupportedOperationException: Cannot define class using reflection: Could not find sun.misc.Unsafe" type="org.mockito.exceptions.base.MockitoException">org.mockito.exceptions.base.MockitoException: 
Mockito cannot mock this class: class com.mirth.connect.donkey.server.Donkey.

Mockito can only mock non-private &amp; non-final classes.
If you&apos;re not sure why you&apos;re getting this error, please report to the mailing list.


Java               : 11
JVM vendor name    : Eclipse Adoptium
JVM vendor version : 11.0.21+9
JVM name           : OpenJDK 64-Bit Server VM
JVM version        : 11.0.21+9
JVM info           : mixed mode
OS name            : Windows 11
OS version         : 10.0


Underlying exception : java.lang.UnsupportedOperationException: Cannot define class using reflection: Could not find sun.misc.Unsafe
	at com.mirth.connect.donkey.server.data.jdbc.JdbcDaoTest.before(JdbcDaoTest.java:53)
	at java.base/jdk.internal.reflect.NativeMethodAccessorImpl.invoke0(Native Method)
	at java.base/jdk.internal.reflect.NativeMethodAccessorImpl.invoke(NativeMethodAccessorImpl.java:62)
	at java.base/jdk.internal.reflect.DelegatingMethodAccessorImpl.invoke(DelegatingMethodAccessorImpl.java:43)
Caused by: java.lang.UnsupportedOperationException: Cannot define class using reflection: Could not find sun.misc.Unsafe
	at net.bytebuddy.dynamic.loading.ClassInjector$UsingReflection$Dispatcher$Initializable$Unavailable.defineClass(ClassInjector.java:333)
	at net.bytebuddy.dynamic.loading.ClassInjector$UsingReflection.inject(ClassInjector.java:186)
	at net.bytebuddy.dynamic.loading.ClassLoadingStrategy$Default$InjectionDispatcher.load(ClassLoadingStrategy.java:205)
	at net.bytebuddy.dynamic.TypeResolutionStrategy$Passive.initialize(TypeResolutionStrategy.java:79)
	at net.bytebuddy.dynamic.DynamicType$Default$Unloaded.load(DynamicType.java:4247)
	at org.mockito.internal.creation.bytebuddy.SubclassBytecodeGenerator.mockClass(SubclassBytecodeGenerator.java:94)
	at org.mockito.internal.creation.bytebuddy.TypeCachingBytecodeGenerator$1.call(TypeCachingBytecodeGenerator.java:37)
	at org.mockito.internal.creation.bytebuddy.TypeCachingBytecodeGenerator$1.call(TypeCachingBytecodeGenerator.java:34)
	at net.bytebuddy.TypeCache.findOrInsert(TypeCache.java:137)
	at net.bytebuddy.TypeCache$WithInlineExpunction.findOrInsert(TypeCache.java:344)
	at net.bytebuddy.TypeCache.findOrInsert(TypeCache.java:159)
	at net.bytebuddy.TypeCache$WithInlineExpunction.findOrInsert(TypeCache.java:353)
	at org.mockito.internal.creation.bytebuddy.TypeCachingBytecodeGenerator.mockClass(TypeCachingBytecodeGenerator.java:32)
	at org.mockito.internal.creation.bytebuddy.SubclassByteBuddyMockMaker.createMockType(SubclassByteBuddyMockMaker.java:71)
	at org.mockito.internal.creation.bytebuddy.SubclassByteBuddyMockMaker.createMock(SubclassByteBuddyMockMaker.java:42)
	at org.mockito.internal.creation.bytebuddy.ByteBuddyMockMaker.createMock(ByteBuddyMockMaker.java:26)
	at org.mockito.internal.util.MockUtil.createMock(MockUtil.java:35)
	at org.mockito.internal.MockitoCore.mock(MockitoCore.java:65)
	at org.mockito.Mockito.mock(Mockito.java:1694)
	at org.mockito.Mockito.mock(Mockito.java:1607)
</error>
  </testcase>
  <testcase classname="com.mirth.connect.donkey.server.data.jdbc.JdbcDaoTest" name="testUpdateMessageAttachment4" time="0.015">
    <error message="&#xa;Mockito cannot mock this class: class com.mirth.connect.donkey.server.Donkey.&#xa;&#xa;Mockito can only mock non-private &amp; non-final classes.&#xa;If you&apos;re not sure why you&apos;re getting this error, please report to the mailing list.&#xa;&#xa;&#xa;Java               : 11&#xa;JVM vendor name    : Eclipse Adoptium&#xa;JVM vendor version : 11.0.21+9&#xa;JVM name           : OpenJDK 64-Bit Server VM&#xa;JVM version        : 11.0.21+9&#xa;JVM info           : mixed mode&#xa;OS name            : Windows 11&#xa;OS version         : 10.0&#xa;&#xa;&#xa;Underlying exception : java.lang.UnsupportedOperationException: Cannot define class using reflection: Could not find sun.misc.Unsafe" type="org.mockito.exceptions.base.MockitoException">org.mockito.exceptions.base.MockitoException: 
Mockito cannot mock this class: class com.mirth.connect.donkey.server.Donkey.

Mockito can only mock non-private &amp; non-final classes.
If you&apos;re not sure why you&apos;re getting this error, please report to the mailing list.


Java               : 11
JVM vendor name    : Eclipse Adoptium
JVM vendor version : 11.0.21+9
JVM name           : OpenJDK 64-Bit Server VM
JVM version        : 11.0.21+9
JVM info           : mixed mode
OS name            : Windows 11
OS version         : 10.0


Underlying exception : java.lang.UnsupportedOperationException: Cannot define class using reflection: Could not find sun.misc.Unsafe
	at com.mirth.connect.donkey.server.data.jdbc.JdbcDaoTest.before(JdbcDaoTest.java:53)
	at java.base/jdk.internal.reflect.NativeMethodAccessorImpl.invoke0(Native Method)
	at java.base/jdk.internal.reflect.NativeMethodAccessorImpl.invoke(NativeMethodAccessorImpl.java:62)
	at java.base/jdk.internal.reflect.DelegatingMethodAccessorImpl.invoke(DelegatingMethodAccessorImpl.java:43)
Caused by: java.lang.UnsupportedOperationException: Cannot define class using reflection: Could not find sun.misc.Unsafe
	at net.bytebuddy.dynamic.loading.ClassInjector$UsingReflection$Dispatcher$Initializable$Unavailable.defineClass(ClassInjector.java:333)
	at net.bytebuddy.dynamic.loading.ClassInjector$UsingReflection.inject(ClassInjector.java:186)
	at net.bytebuddy.dynamic.loading.ClassLoadingStrategy$Default$InjectionDispatcher.load(ClassLoadingStrategy.java:205)
	at net.bytebuddy.dynamic.TypeResolutionStrategy$Passive.initialize(TypeResolutionStrategy.java:79)
	at net.bytebuddy.dynamic.DynamicType$Default$Unloaded.load(DynamicType.java:4247)
	at org.mockito.internal.creation.bytebuddy.SubclassBytecodeGenerator.mockClass(SubclassBytecodeGenerator.java:94)
	at org.mockito.internal.creation.bytebuddy.TypeCachingBytecodeGenerator$1.call(TypeCachingBytecodeGenerator.java:37)
	at org.mockito.internal.creation.bytebuddy.TypeCachingBytecodeGenerator$1.call(TypeCachingBytecodeGenerator.java:34)
	at net.bytebuddy.TypeCache.findOrInsert(TypeCache.java:137)
	at net.bytebuddy.TypeCache$WithInlineExpunction.findOrInsert(TypeCache.java:344)
	at net.bytebuddy.TypeCache.findOrInsert(TypeCache.java:159)
	at net.bytebuddy.TypeCache$WithInlineExpunction.findOrInsert(TypeCache.java:353)
	at org.mockito.internal.creation.bytebuddy.TypeCachingBytecodeGenerator.mockClass(TypeCachingBytecodeGenerator.java:32)
	at org.mockito.internal.creation.bytebuddy.SubclassByteBuddyMockMaker.createMockType(SubclassByteBuddyMockMaker.java:71)
	at org.mockito.internal.creation.bytebuddy.SubclassByteBuddyMockMaker.createMock(SubclassByteBuddyMockMaker.java:42)
	at org.mockito.internal.creation.bytebuddy.ByteBuddyMockMaker.createMock(ByteBuddyMockMaker.java:26)
	at org.mockito.internal.util.MockUtil.createMock(MockUtil.java:35)
	at org.mockito.internal.MockitoCore.mock(MockitoCore.java:65)
	at org.mockito.Mockito.mock(Mockito.java:1694)
	at org.mockito.Mockito.mock(Mockito.java:1607)
</error>
  </testcase>
  <testcase classname="com.mirth.connect.donkey.server.data.jdbc.JdbcDaoTest" name="testUpdateMessageAttachment2" time="0.016">
    <error message="&#xa;Mockito cannot mock this class: class com.mirth.connect.donkey.server.Donkey.&#xa;&#xa;Mockito can only mock non-private &amp; non-final classes.&#xa;If you&apos;re not sure why you&apos;re getting this error, please report to the mailing list.&#xa;&#xa;&#xa;Java               : 11&#xa;JVM vendor name    : Eclipse Adoptium&#xa;JVM vendor version : 11.0.21+9&#xa;JVM name           : OpenJDK 64-Bit Server VM&#xa;JVM version        : 11.0.21+9&#xa;JVM info           : mixed mode&#xa;OS name            : Windows 11&#xa;OS version         : 10.0&#xa;&#xa;&#xa;Underlying exception : java.lang.UnsupportedOperationException: Cannot define class using reflection: Could not find sun.misc.Unsafe" type="org.mockito.exceptions.base.MockitoException">org.mockito.exceptions.base.MockitoException: 
Mockito cannot mock this class: class com.mirth.connect.donkey.server.Donkey.

Mockito can only mock non-private &amp; non-final classes.
If you&apos;re not sure why you&apos;re getting this error, please report to the mailing list.


Java               : 11
JVM vendor name    : Eclipse Adoptium
JVM vendor version : 11.0.21+9
JVM name           : OpenJDK 64-Bit Server VM
JVM version        : 11.0.21+9
JVM info           : mixed mode
OS name            : Windows 11
OS version         : 10.0


Underlying exception : java.lang.UnsupportedOperationException: Cannot define class using reflection: Could not find sun.misc.Unsafe
	at com.mirth.connect.donkey.server.data.jdbc.JdbcDaoTest.before(JdbcDaoTest.java:53)
	at java.base/jdk.internal.reflect.NativeMethodAccessorImpl.invoke0(Native Method)
	at java.base/jdk.internal.reflect.NativeMethodAccessorImpl.invoke(NativeMethodAccessorImpl.java:62)
	at java.base/jdk.internal.reflect.DelegatingMethodAccessorImpl.invoke(DelegatingMethodAccessorImpl.java:43)
Caused by: java.lang.UnsupportedOperationException: Cannot define class using reflection: Could not find sun.misc.Unsafe
	at net.bytebuddy.dynamic.loading.ClassInjector$UsingReflection$Dispatcher$Initializable$Unavailable.defineClass(ClassInjector.java:333)
	at net.bytebuddy.dynamic.loading.ClassInjector$UsingReflection.inject(ClassInjector.java:186)
	at net.bytebuddy.dynamic.loading.ClassLoadingStrategy$Default$InjectionDispatcher.load(ClassLoadingStrategy.java:205)
	at net.bytebuddy.dynamic.TypeResolutionStrategy$Passive.initialize(TypeResolutionStrategy.java:79)
	at net.bytebuddy.dynamic.DynamicType$Default$Unloaded.load(DynamicType.java:4247)
	at org.mockito.internal.creation.bytebuddy.SubclassBytecodeGenerator.mockClass(SubclassBytecodeGenerator.java:94)
	at org.mockito.internal.creation.bytebuddy.TypeCachingBytecodeGenerator$1.call(TypeCachingBytecodeGenerator.java:37)
	at org.mockito.internal.creation.bytebuddy.TypeCachingBytecodeGenerator$1.call(TypeCachingBytecodeGenerator.java:34)
	at net.bytebuddy.TypeCache.findOrInsert(TypeCache.java:137)
	at net.bytebuddy.TypeCache$WithInlineExpunction.findOrInsert(TypeCache.java:344)
	at net.bytebuddy.TypeCache.findOrInsert(TypeCache.java:159)
	at net.bytebuddy.TypeCache$WithInlineExpunction.findOrInsert(TypeCache.java:353)
	at org.mockito.internal.creation.bytebuddy.TypeCachingBytecodeGenerator.mockClass(TypeCachingBytecodeGenerator.java:32)
	at org.mockito.internal.creation.bytebuddy.SubclassByteBuddyMockMaker.createMockType(SubclassByteBuddyMockMaker.java:71)
	at org.mockito.internal.creation.bytebuddy.SubclassByteBuddyMockMaker.createMock(SubclassByteBuddyMockMaker.java:42)
	at org.mockito.internal.creation.bytebuddy.ByteBuddyMockMaker.createMock(ByteBuddyMockMaker.java:26)
	at org.mockito.internal.util.MockUtil.createMock(MockUtil.java:35)
	at org.mockito.internal.MockitoCore.mock(MockitoCore.java:65)
	at org.mockito.Mockito.mock(Mockito.java:1694)
	at org.mockito.Mockito.mock(Mockito.java:1607)
</error>
  </testcase>
  <testcase classname="com.mirth.connect.donkey.server.data.jdbc.JdbcDaoTest" name="testUpdateMessageAttachment5" time="0.024">
    <error message="&#xa;Mockito cannot mock this class: class com.mirth.connect.donkey.server.Donkey.&#xa;&#xa;Mockito can only mock non-private &amp; non-final classes.&#xa;If you&apos;re not sure why you&apos;re getting this error, please report to the mailing list.&#xa;&#xa;&#xa;Java               : 11&#xa;JVM vendor name    : Eclipse Adoptium&#xa;JVM vendor version : 11.0.21+9&#xa;JVM name           : OpenJDK 64-Bit Server VM&#xa;JVM version        : 11.0.21+9&#xa;JVM info           : mixed mode&#xa;OS name            : Windows 11&#xa;OS version         : 10.0&#xa;&#xa;&#xa;Underlying exception : java.lang.UnsupportedOperationException: Cannot define class using reflection: Could not find sun.misc.Unsafe" type="org.mockito.exceptions.base.MockitoException">org.mockito.exceptions.base.MockitoException: 
Mockito cannot mock this class: class com.mirth.connect.donkey.server.Donkey.

Mockito can only mock non-private &amp; non-final classes.
If you&apos;re not sure why you&apos;re getting this error, please report to the mailing list.


Java               : 11
JVM vendor name    : Eclipse Adoptium
JVM vendor version : 11.0.21+9
JVM name           : OpenJDK 64-Bit Server VM
JVM version        : 11.0.21+9
JVM info           : mixed mode
OS name            : Windows 11
OS version         : 10.0


Underlying exception : java.lang.UnsupportedOperationException: Cannot define class using reflection: Could not find sun.misc.Unsafe
	at com.mirth.connect.donkey.server.data.jdbc.JdbcDaoTest.before(JdbcDaoTest.java:53)
	at java.base/jdk.internal.reflect.NativeMethodAccessorImpl.invoke0(Native Method)
	at java.base/jdk.internal.reflect.NativeMethodAccessorImpl.invoke(NativeMethodAccessorImpl.java:62)
	at java.base/jdk.internal.reflect.DelegatingMethodAccessorImpl.invoke(DelegatingMethodAccessorImpl.java:43)
Caused by: java.lang.UnsupportedOperationException: Cannot define class using reflection: Could not find sun.misc.Unsafe
	at net.bytebuddy.dynamic.loading.ClassInjector$UsingReflection$Dispatcher$Initializable$Unavailable.defineClass(ClassInjector.java:333)
	at net.bytebuddy.dynamic.loading.ClassInjector$UsingReflection.inject(ClassInjector.java:186)
	at net.bytebuddy.dynamic.loading.ClassLoadingStrategy$Default$InjectionDispatcher.load(ClassLoadingStrategy.java:205)
	at net.bytebuddy.dynamic.TypeResolutionStrategy$Passive.initialize(TypeResolutionStrategy.java:79)
	at net.bytebuddy.dynamic.DynamicType$Default$Unloaded.load(DynamicType.java:4247)
	at org.mockito.internal.creation.bytebuddy.SubclassBytecodeGenerator.mockClass(SubclassBytecodeGenerator.java:94)
	at org.mockito.internal.creation.bytebuddy.TypeCachingBytecodeGenerator$1.call(TypeCachingBytecodeGenerator.java:37)
	at org.mockito.internal.creation.bytebuddy.TypeCachingBytecodeGenerator$1.call(TypeCachingBytecodeGenerator.java:34)
	at net.bytebuddy.TypeCache.findOrInsert(TypeCache.java:137)
	at net.bytebuddy.TypeCache$WithInlineExpunction.findOrInsert(TypeCache.java:344)
	at net.bytebuddy.TypeCache.findOrInsert(TypeCache.java:159)
	at net.bytebuddy.TypeCache$WithInlineExpunction.findOrInsert(TypeCache.java:353)
	at org.mockito.internal.creation.bytebuddy.TypeCachingBytecodeGenerator.mockClass(TypeCachingBytecodeGenerator.java:32)
	at org.mockito.internal.creation.bytebuddy.SubclassByteBuddyMockMaker.createMockType(SubclassByteBuddyMockMaker.java:71)
	at org.mockito.internal.creation.bytebuddy.SubclassByteBuddyMockMaker.createMock(SubclassByteBuddyMockMaker.java:42)
	at org.mockito.internal.creation.bytebuddy.ByteBuddyMockMaker.createMock(ByteBuddyMockMaker.java:26)
	at org.mockito.internal.util.MockUtil.createMock(MockUtil.java:35)
	at org.mockito.internal.MockitoCore.mock(MockitoCore.java:65)
	at org.mockito.Mockito.mock(Mockito.java:1694)
	at org.mockito.Mockito.mock(Mockito.java:1607)
</error>
  </testcase>
  <testcase classname="com.mirth.connect.donkey.server.data.jdbc.JdbcDaoTest" name="testUpdateMessageAttachment6" time="0.002">
    <error message="&#xa;Mockito cannot mock this class: class com.mirth.connect.donkey.server.Donkey.&#xa;&#xa;Mockito can only mock non-private &amp; non-final classes.&#xa;If you&apos;re not sure why you&apos;re getting this error, please report to the mailing list.&#xa;&#xa;&#xa;Java               : 11&#xa;JVM vendor name    : Eclipse Adoptium&#xa;JVM vendor version : 11.0.21+9&#xa;JVM name           : OpenJDK 64-Bit Server VM&#xa;JVM version        : 11.0.21+9&#xa;JVM info           : mixed mode&#xa;OS name            : Windows 11&#xa;OS version         : 10.0&#xa;&#xa;&#xa;Underlying exception : java.lang.UnsupportedOperationException: Cannot define class using reflection: Could not find sun.misc.Unsafe" type="org.mockito.exceptions.base.MockitoException">org.mockito.exceptions.base.MockitoException: 
Mockito cannot mock this class: class com.mirth.connect.donkey.server.Donkey.

Mockito can only mock non-private &amp; non-final classes.
If you&apos;re not sure why you&apos;re getting this error, please report to the mailing list.


Java               : 11
JVM vendor name    : Eclipse Adoptium
JVM vendor version : 11.0.21+9
JVM name           : OpenJDK 64-Bit Server VM
JVM version        : 11.0.21+9
JVM info           : mixed mode
OS name            : Windows 11
OS version         : 10.0


Underlying exception : java.lang.UnsupportedOperationException: Cannot define class using reflection: Could not find sun.misc.Unsafe
	at com.mirth.connect.donkey.server.data.jdbc.JdbcDaoTest.before(JdbcDaoTest.java:53)
	at java.base/jdk.internal.reflect.NativeMethodAccessorImpl.invoke0(Native Method)
	at java.base/jdk.internal.reflect.NativeMethodAccessorImpl.invoke(NativeMethodAccessorImpl.java:62)
	at java.base/jdk.internal.reflect.DelegatingMethodAccessorImpl.invoke(DelegatingMethodAccessorImpl.java:43)
Caused by: java.lang.UnsupportedOperationException: Cannot define class using reflection: Could not find sun.misc.Unsafe
	at net.bytebuddy.dynamic.loading.ClassInjector$UsingReflection$Dispatcher$Initializable$Unavailable.defineClass(ClassInjector.java:333)
	at net.bytebuddy.dynamic.loading.ClassInjector$UsingReflection.inject(ClassInjector.java:186)
	at net.bytebuddy.dynamic.loading.ClassLoadingStrategy$Default$InjectionDispatcher.load(ClassLoadingStrategy.java:205)
	at net.bytebuddy.dynamic.TypeResolutionStrategy$Passive.initialize(TypeResolutionStrategy.java:79)
	at net.bytebuddy.dynamic.DynamicType$Default$Unloaded.load(DynamicType.java:4247)
	at org.mockito.internal.creation.bytebuddy.SubclassBytecodeGenerator.mockClass(SubclassBytecodeGenerator.java:94)
	at org.mockito.internal.creation.bytebuddy.TypeCachingBytecodeGenerator$1.call(TypeCachingBytecodeGenerator.java:37)
	at org.mockito.internal.creation.bytebuddy.TypeCachingBytecodeGenerator$1.call(TypeCachingBytecodeGenerator.java:34)
	at net.bytebuddy.TypeCache.findOrInsert(TypeCache.java:137)
	at net.bytebuddy.TypeCache$WithInlineExpunction.findOrInsert(TypeCache.java:344)
	at net.bytebuddy.TypeCache.findOrInsert(TypeCache.java:159)
	at net.bytebuddy.TypeCache$WithInlineExpunction.findOrInsert(TypeCache.java:353)
	at org.mockito.internal.creation.bytebuddy.TypeCachingBytecodeGenerator.mockClass(TypeCachingBytecodeGenerator.java:32)
	at org.mockito.internal.creation.bytebuddy.SubclassByteBuddyMockMaker.createMockType(SubclassByteBuddyMockMaker.java:71)
	at org.mockito.internal.creation.bytebuddy.SubclassByteBuddyMockMaker.createMock(SubclassByteBuddyMockMaker.java:42)
	at org.mockito.internal.creation.bytebuddy.ByteBuddyMockMaker.createMock(ByteBuddyMockMaker.java:26)
	at org.mockito.internal.util.MockUtil.createMock(MockUtil.java:35)
	at org.mockito.internal.MockitoCore.mock(MockitoCore.java:65)
	at org.mockito.Mockito.mock(Mockito.java:1694)
	at org.mockito.Mockito.mock(Mockito.java:1607)
</error>
  </testcase>
  <system-out><![CDATA[]]></system-out>
  <system-err><![CDATA[]]></system-err>
</testsuite>
